This is pdfTeX, Version 3.1415926-2.5-1.40.14 (TeX Live 2013/Debian) (format=pdflatex 2015.7.27)  20 OCT 2015 10:50
entering extended mode
 restricted \write18 enabled.
 %&-line parsing enabled.
**qa315-09oct2015.tex
(./qa315-09oct2015.tex
LaTeX2e <2011/06/27>
Babel <3.9h> and hyphenation patterns for 78 languages loaded.
(/usr/share/texlive/texmf-dist/tex/latex/base/report.cls
Document Class: report 2007/10/19 v1.4h Standard LaTeX document class
(/usr/share/texlive/texmf-dist/tex/latex/base/size10.clo
File: size10.clo 2007/10/19 v1.4h Standard LaTeX file (size option)
)
\c@part=\count79
\c@chapter=\count80
\c@section=\count81
\c@subsection=\count82
\c@subsubsection=\count83
\c@paragraph=\count84
\c@subparagraph=\count85
\c@figure=\count86
\c@table=\count87
\abovecaptionskip=\skip41
\belowcaptionskip=\skip42
\bibindent=\dimen102
)
(/usr/share/texlive/texmf-dist/tex/latex/listings/listings.sty
(/usr/share/texlive/texmf-dist/tex/latex/graphics/keyval.sty
Package: keyval 1999/03/16 v1.13 key=value parser (DPC)
\KV@toks@=\toks14
)
\lst@mode=\count88
\lst@gtempboxa=\box26
\lst@token=\toks15
\lst@length=\count89
\lst@currlwidth=\dimen103
\lst@column=\count90
\lst@pos=\count91
\lst@lostspace=\dimen104
\lst@width=\dimen105
\lst@newlines=\count92
\lst@lineno=\count93
\lst@maxwidth=\dimen106

(/usr/share/texlive/texmf-dist/tex/latex/listings/lstmisc.sty
File: lstmisc.sty 2013/08/26 1.5b (Carsten Heinz)
\c@lstnumber=\count94
\lst@skipnumbers=\count95
\lst@framebox=\box27
)
(/usr/share/texlive/texmf-dist/tex/latex/listings/listings.cfg
File: listings.cfg 2013/08/26 1.5b listings configuration
))
Package: listings 2013/08/26 1.5b (Carsten Heinz)

(./qa315-09oct2015.aux)
\openout1 = `qa315-09oct2015.aux'.

LaTeX Font Info:    Checking defaults for OML/cmm/m/it on input line 10.
LaTeX Font Info:    ... okay on input line 10.
LaTeX Font Info:    Checking defaults for T1/cmr/m/n on input line 10.
LaTeX Font Info:    ... okay on input line 10.
LaTeX Font Info:    Checking defaults for OT1/cmr/m/n on input line 10.
LaTeX Font Info:    ... okay on input line 10.
LaTeX Font Info:    Checking defaults for OMS/cmsy/m/n on input line 10.
LaTeX Font Info:    ... okay on input line 10.
LaTeX Font Info:    Checking defaults for OMX/cmex/m/n on input line 10.
LaTeX Font Info:    ... okay on input line 10.
LaTeX Font Info:    Checking defaults for U/cmr/m/n on input line 10.
LaTeX Font Info:    ... okay on input line 10.
\c@lstlisting=\count96
LaTeX Font Info:    External font `cmex10' loaded for size
(Font)              <12> on input line 11.
LaTeX Font Info:    External font `cmex10' loaded for size
(Font)              <8> on input line 11.
LaTeX Font Info:    External font `cmex10' loaded for size
(Font)              <6> on input line 11.
 [1

{/var/lib/texmf/fonts/map/pdftex/updmap/pdftex.map}]
(./qa315-09oct2015.toc
LaTeX Font Info:    External font `cmex10' loaded for size
(Font)              <7> on input line 2.
LaTeX Font Info:    External font `cmex10' loaded for size
(Font)              <5> on input line 2.
 [2

])
\tf@toc=\write3
\openout3 = `qa315-09oct2015.toc'.

 (./eandow16.tex [3]
Chapter 1.

Overfull \hbox (21.43309pt too wide) in paragraph at lines 14--15
[][]
 []


Overfull \hbox (21.43309pt too wide) in paragraph at lines 28--29
[][]
 []

[4

]
Overfull \hbox (21.43309pt too wide) in paragraph at lines 46--47
[][]
 []


Overfull \hbox (21.43309pt too wide) in paragraph at lines 62--63
[][]
 []


Overfull \hbox (21.43309pt too wide) in paragraph at lines 75--76
[][]
 []


Overfull \hbox (21.43309pt too wide) in paragraph at lines 91--92
[][]
 []

[5]
Overfull \hbox (21.43309pt too wide) in paragraph at lines 102--103
[][]
 []


Overfull \hbox (21.43309pt too wide) in paragraph at lines 117--118
[][]
 []


Overfull \hbox (21.43309pt too wide) in paragraph at lines 131--132
[][]
 []


Overfull \hbox (21.43309pt too wide) in paragraph at lines 145--146
[][]
 []

[6]
Overfull \hbox (21.43309pt too wide) in paragraph at lines 156--157
[][]
 []


Overfull \hbox (21.43309pt too wide) in paragraph at lines 169--170
[][]
 []


Overfull \hbox (21.43309pt too wide) in paragraph at lines 183--184
[][]
 []


Overfull \hbox (21.43309pt too wide) in paragraph at lines 196--197
[][]
 []


Overfull \hbox (21.43309pt too wide) in paragraph at lines 207--208
[][]
 []

[7]
Overfull \hbox (21.43309pt too wide) in paragraph at lines 222--223
[][]
 []


Overfull \hbox (3.60588pt too wide) in paragraph at lines 259--261
[]\OT1/cmr/m/n/10 Distinguish be-tween 2 state-ments in Ruby that cor-re-spond 
to Java's \OT1/cmr/bx/n/10 switch
 []

[8] [9]) (./eandrulis16.tex [10]
Chapter 2.

Overfull \hbox (21.43309pt too wide) in paragraph at lines 14--15
[][]
 []


Overfull \hbox (21.43309pt too wide) in paragraph at lines 25--26
[][]
 []


Overfull \hbox (21.43309pt too wide) in paragraph at lines 38--39
[][]
 []

[11

]
Overfull \hbox (21.43309pt too wide) in paragraph at lines 52--54
[][]
 []


Overfull \hbox (21.43309pt too wide) in paragraph at lines 60--61
[][]
 []


Overfull \hbox (21.43309pt too wide) in paragraph at lines 68--69
[][]
 []


Overfull \hbox (21.43309pt too wide) in paragraph at lines 79--80
[][]
 []

[12]
Overfull \hbox (21.43309pt too wide) in paragraph at lines 89--90
[][]
 []


Overfull \hbox (21.43309pt too wide) in paragraph at lines 98--99
[][]
 []


Overfull \hbox (21.43309pt too wide) in paragraph at lines 107--108
[][]
 []

[13]
Overfull \hbox (21.43309pt too wide) in paragraph at lines 116--117
[][]
 []


Overfull \hbox (21.43309pt too wide) in paragraph at lines 125--126
[][]
 []


Overfull \hbox (21.43309pt too wide) in paragraph at lines 134--135
[][]
 []


Overfull \hbox (21.43309pt too wide) in paragraph at lines 143--144
[][]
 []


Overfull \hbox (21.43309pt too wide) in paragraph at lines 151--152
[][]
 []

[14]
Overfull \hbox (21.43309pt too wide) in paragraph at lines 160--161
[][]
 []


Overfull \hbox (3.60588pt too wide) in paragraph at lines 191--193
[]\OT1/cmr/m/n/10 Distinguish be-tween 2 state-ments in Ruby that cor-re-spond 
to Java's \OT1/cmr/bx/n/10 switch
 []

[15] [16]) (./scaldwell16.tex [17]
Chapter 3.

Overfull \hbox (21.43309pt too wide) in paragraph at lines 14--15
[][]
 []


Overfull \hbox (21.43309pt too wide) in paragraph at lines 28--29
[][]
 []


Overfull \hbox (21.43309pt too wide) in paragraph at lines 42--43
[][]
 []

[18

]
Overfull \hbox (21.43309pt too wide) in paragraph at lines 56--57
[][]
 []


Overfull \hbox (21.43309pt too wide) in paragraph at lines 68--69
[][]
 []


Overfull \hbox (21.43309pt too wide) in paragraph at lines 77--78
[][]
 []


Overfull \hbox (21.43309pt too wide) in paragraph at lines 89--90
[][]
 []

[19]
Overfull \hbox (21.43309pt too wide) in paragraph at lines 105--106
[][]
 []


Overfull \hbox (21.43309pt too wide) in paragraph at lines 118--119
[][]
 []


Overfull \hbox (21.43309pt too wide) in paragraph at lines 129--130
[][]
 []


Overfull \hbox (21.43309pt too wide) in paragraph at lines 139--140
[][]
 []


Overfull \hbox (21.43309pt too wide) in paragraph at lines 153--154
[][]
 []

[20]
Overfull \hbox (21.43309pt too wide) in paragraph at lines 163--164
[][]
 []


Overfull \hbox (21.43309pt too wide) in paragraph at lines 175--176
[][]
 []


Overfull \hbox (21.43309pt too wide) in paragraph at lines 187--188
[][]
 []


Overfull \hbox (21.43309pt too wide) in paragraph at lines 200--201
[][]
 []

[21]
Overfull \hbox (3.60588pt too wide) in paragraph at lines 234--236
[]\OT1/cmr/m/n/10 Distinguish be-tween 2 state-ments in Ruby that cor-re-spond 
to Java's \OT1/cmr/bx/n/10 switch
 []

[22]) (./dcarmichael18.tex [23]
Chapter 4.

Overfull \hbox (21.43309pt too wide) in paragraph at lines 14--15
[][]
 []


Overfull \hbox (21.43309pt too wide) in paragraph at lines 27--28
[][]
 []


Overfull \hbox (21.43309pt too wide) in paragraph at lines 40--41
[][]
 []

[24

]
Overfull \hbox (21.43309pt too wide) in paragraph at lines 54--55
[][]
 []


Overfull \hbox (21.43309pt too wide) in paragraph at lines 62--63
[][]
 []


Overfull \hbox (21.43309pt too wide) in paragraph at lines 71--72
[][]
 []


Overfull \hbox (21.43309pt too wide) in paragraph at lines 83--84
[][]
 []


Overfull \hbox (21.43309pt too wide) in paragraph at lines 95--96
[][]
 []

[25]
Overfull \hbox (21.43309pt too wide) in paragraph at lines 106--107
[][]
 []


Overfull \hbox (21.43309pt too wide) in paragraph at lines 118--119
[][]
 []


Overfull \hbox (21.43309pt too wide) in paragraph at lines 127--128
[][]
 []


Overfull \hbox (21.43309pt too wide) in paragraph at lines 138--139
[][]
 []


Overfull \hbox (21.43309pt too wide) in paragraph at lines 149--150
[][]
 []

[26]
Overfull \hbox (21.43309pt too wide) in paragraph at lines 159--160
[][]
 []


Overfull \hbox (21.43309pt too wide) in paragraph at lines 170--171
[][]
 []


Overfull \hbox (21.43309pt too wide) in paragraph at lines 181--182
[][]
 []


Overfull \hbox (3.60588pt too wide) in paragraph at lines 213--215
[]\OT1/cmr/m/n/10 Distinguish be-tween 2 state-ments in Ruby that cor-re-spond 
to Java's \OT1/cmr/bx/n/10 switch
 []

[27] [28]) (./schalkley16.tex [29]
Chapter 5.

Overfull \hbox (21.43309pt too wide) in paragraph at lines 14--15
[][]
 []


Overfull \hbox (21.43309pt too wide) in paragraph at lines 28--29
[][]
 []


Overfull \hbox (21.43309pt too wide) in paragraph at lines 44--45
[][]
 []

[30

]
Overfull \hbox (21.43309pt too wide) in paragraph at lines 58--59
[][]
 []


Overfull \hbox (21.43309pt too wide) in paragraph at lines 67--68
[][]
 []


Overfull \hbox (21.43309pt too wide) in paragraph at lines 76--80
[][]
 []


Overfull \hbox (21.43309pt too wide) in paragraph at lines 86--87
[][]
 []

[31]
Overfull \hbox (21.43309pt too wide) in paragraph at lines 102--103
[][]
 []


Overfull \hbox (21.43309pt too wide) in paragraph at lines 114--115
[][]
 []


Overfull \hbox (21.43309pt too wide) in paragraph at lines 127--128
[][]
 []


Overfull \hbox (21.43309pt too wide) in paragraph at lines 136--137
[][]
 []


Overfull \hbox (21.43309pt too wide) in paragraph at lines 147--148
[][]
 []

[32]
Overfull \hbox (21.43309pt too wide) in paragraph at lines 157--158
[][]
 []


Overfull \hbox (21.43309pt too wide) in paragraph at lines 170--171
[][]
 []


Overfull \hbox (21.43309pt too wide) in paragraph at lines 182--183
[][]
 []


Overfull \hbox (21.43309pt too wide) in paragraph at lines 194--195
[][]
 []

[33]
Overfull \hbox (3.60588pt too wide) in paragraph at lines 229--231
[]\OT1/cmr/m/n/10 Distinguish be-tween 2 state-ments in Ruby that cor-re-spond 
to Java's \OT1/cmr/bx/n/10 switch
 []

[34]) (./ngeiger16.tex [35]
Chapter 6.

Overfull \hbox (21.43309pt too wide) in paragraph at lines 14--15
[][]
 []


Overfull \hbox (21.43309pt too wide) in paragraph at lines 27--28
[][]
 []


Overfull \hbox (21.43309pt too wide) in paragraph at lines 40--41
[][]
 []

[36

]
Overfull \hbox (21.43309pt too wide) in paragraph at lines 54--55
[][]
 []


Overfull \hbox (21.43309pt too wide) in paragraph at lines 63--64
[][]
 []


Overfull \hbox (21.43309pt too wide) in paragraph at lines 72--73
[][]
 []


Overfull \hbox (21.43309pt too wide) in paragraph at lines 83--84
[][]
 []


Overfull \hbox (21.43309pt too wide) in paragraph at lines 96--97
[][]
 []

[37]
Overfull \hbox (21.43309pt too wide) in paragraph at lines 107--108
[][]
 []


Overfull \hbox (21.43309pt too wide) in paragraph at lines 119--120
[][]
 []


Overfull \hbox (21.43309pt too wide) in paragraph at lines 128--129
[][]
 []


Overfull \hbox (21.43309pt too wide) in paragraph at lines 138--139
[][]
 []


Overfull \hbox (21.43309pt too wide) in paragraph at lines 149--150
[][]
 []

[38]
Overfull \hbox (21.43309pt too wide) in paragraph at lines 162--163
[][]
 []


Overfull \hbox (21.43309pt too wide) in paragraph at lines 173--174
[][]
 []


Overfull \hbox (21.43309pt too wide) in paragraph at lines 184--185
[][]
 []

[39]
Overfull \hbox (3.60588pt too wide) in paragraph at lines 216--218
[]\OT1/cmr/m/n/10 Distinguish be-tween 2 state-ments in Ruby that cor-re-spond 
to Java's \OT1/cmr/bx/n/10 switch
 []

[40]) (./bhixsonsimeral16.tex [41]
Chapter 7.

Overfull \hbox (21.43309pt too wide) in paragraph at lines 14--15
[][]
 []


Overfull \hbox (21.43309pt too wide) in paragraph at lines 26--27
[][]
 []


Overfull \hbox (21.43309pt too wide) in paragraph at lines 40--41
[][]
 []

[42

]
Overfull \hbox (21.43309pt too wide) in paragraph at lines 54--55
[][]
 []


Overfull \hbox (21.43309pt too wide) in paragraph at lines 62--63
[][]
 []


Overfull \hbox (21.43309pt too wide) in paragraph at lines 72--73
[][]
 []


Overfull \hbox (21.43309pt too wide) in paragraph at lines 85--86
[][]
 []


Overfull \hbox (21.43309pt too wide) in paragraph at lines 98--99
[][]
 []

[43]
Overfull \hbox (21.43309pt too wide) in paragraph at lines 108--109
[][]
 []


Overfull \hbox (21.43309pt too wide) in paragraph at lines 121--122
[][]
 []


Overfull \hbox (21.43309pt too wide) in paragraph at lines 130--131
[][]
 []


Overfull \hbox (21.43309pt too wide) in paragraph at lines 140--141
[][]
 []


Overfull \hbox (21.43309pt too wide) in paragraph at lines 151--152
[][]
 []

[44]
Overfull \hbox (21.43309pt too wide) in paragraph at lines 165--166
[][]
 []


Overfull \hbox (21.43309pt too wide) in paragraph at lines 177--178
[][]
 []


Overfull \hbox (21.43309pt too wide) in paragraph at lines 187--188
[][]
 []

[45]
Overfull \hbox (3.60588pt too wide) in paragraph at lines 220--222
[]\OT1/cmr/m/n/10 Distinguish be-tween 2 state-ments in Ruby that cor-re-spond 
to Java's \OT1/cmr/bx/n/10 switch
 []

[46]) (./tleota16.tex [47]
Chapter 8.

Overfull \hbox (21.43309pt too wide) in paragraph at lines 14--15
[][]
 []


Overfull \hbox (21.43309pt too wide) in paragraph at lines 25--26
[][]
 []


Overfull \hbox (21.43309pt too wide) in paragraph at lines 38--39
[][]
 []


Overfull \hbox (21.43309pt too wide) in paragraph at lines 52--53
[][]
 []

[48

]
Overfull \hbox (21.43309pt too wide) in paragraph at lines 60--61
[][]
 []


Overfull \hbox (21.43309pt too wide) in paragraph at lines 68--69
[][]
 []


Overfull \hbox (21.43309pt too wide) in paragraph at lines 79--80
[][]
 []


Overfull \hbox (21.43309pt too wide) in paragraph at lines 89--90
[][]
 []


Overfull \hbox (21.43309pt too wide) in paragraph at lines 98--99
[][]
 []

[49]
Overfull \hbox (21.43309pt too wide) in paragraph at lines 107--108
[][]
 []


Overfull \hbox (21.43309pt too wide) in paragraph at lines 116--117
[][]
 []


Overfull \hbox (21.43309pt too wide) in paragraph at lines 125--126
[][]
 []


Overfull \hbox (21.43309pt too wide) in paragraph at lines 134--135
[][]
 []


Overfull \hbox (21.43309pt too wide) in paragraph at lines 143--144
[][]
 []


Overfull \hbox (21.43309pt too wide) in paragraph at lines 151--152
[][]
 []

[50]
Overfull \hbox (21.43309pt too wide) in paragraph at lines 160--161
[][]
 []


Overfull \hbox (3.60588pt too wide) in paragraph at lines 191--193
[]\OT1/cmr/m/n/10 Distinguish be-tween 2 state-ments in Ruby that cor-re-spond 
to Java's \OT1/cmr/bx/n/10 switch
 []

[51] [52]) (./alien16.tex [53]
Chapter 9.

Overfull \hbox (21.43309pt too wide) in paragraph at lines 14--15
[][]
 []


Overfull \hbox (21.43309pt too wide) in paragraph at lines 25--26
[][]
 []


Overfull \hbox (21.43309pt too wide) in paragraph at lines 40--41
[][]
 []

[54

]
Overfull \hbox (21.43309pt too wide) in paragraph at lines 55--56
[][]
 []


Overfull \hbox (21.43309pt too wide) in paragraph at lines 64--65
[][]
 []


Overfull \hbox (21.43309pt too wide) in paragraph at lines 73--74
[][]
 []


Overfull \hbox (21.43309pt too wide) in paragraph at lines 85--86
[][]
 []


Overfull \hbox (21.43309pt too wide) in paragraph at lines 102--103
[][]
 []

[55]
Overfull \hbox (21.43309pt too wide) in paragraph at lines 113--114
[][]
 []


Overfull \hbox (21.43309pt too wide) in paragraph at lines 124--125
[][]
 []


Overfull \hbox (21.43309pt too wide) in paragraph at lines 134--135
[][]
 []


Overfull \hbox (21.43309pt too wide) in paragraph at lines 146--147
[][]
 []

[56]
Overfull \hbox (21.43309pt too wide) in paragraph at lines 158--159
[][]
 []


Overfull \hbox (21.43309pt too wide) in paragraph at lines 173--174
[][]
 []


Overfull \hbox (21.43309pt too wide) in paragraph at lines 186--187
[][]
 []


Overfull \hbox (21.43309pt too wide) in paragraph at lines 196--197
[][]
 []

[57]
Overfull \hbox (3.60588pt too wide) in paragraph at lines 229--231
[]\OT1/cmr/m/n/10 Distinguish be-tween 2 state-ments in Ruby that cor-re-spond 
to Java's \OT1/cmr/bx/n/10 switch
 []

[58]) (./angon16.tex [59]
Chapter 10.

Overfull \hbox (21.43309pt too wide) in paragraph at lines 14--15
[][]
 []


Overfull \hbox (21.43309pt too wide) in paragraph at lines 25--26
[][]
 []


Overfull \hbox (21.43309pt too wide) in paragraph at lines 38--39
[][]
 []

[60

]
Overfull \hbox (21.43309pt too wide) in paragraph at lines 52--53
[][]
 []


Overfull \hbox (21.43309pt too wide) in paragraph at lines 60--61
[][]
 []


Overfull \hbox (21.43309pt too wide) in paragraph at lines 68--69
[][]
 []


Overfull \hbox (21.43309pt too wide) in paragraph at lines 79--80
[][]
 []

[61]
Overfull \hbox (21.43309pt too wide) in paragraph at lines 89--90
[][]
 []


Overfull \hbox (21.43309pt too wide) in paragraph at lines 98--99
[][]
 []


Overfull \hbox (21.43309pt too wide) in paragraph at lines 107--108
[][]
 []


Overfull \hbox (21.43309pt too wide) in paragraph at lines 116--117
[][]
 []


Overfull \hbox (21.43309pt too wide) in paragraph at lines 125--126
[][]
 []

[62]
Overfull \hbox (21.43309pt too wide) in paragraph at lines 134--135
[][]
 []


Overfull \hbox (21.43309pt too wide) in paragraph at lines 143--144
[][]
 []

LaTeX Font Info:    Try loading font information for OMS+cmr on input line 146.

(/usr/share/texlive/texmf-dist/tex/latex/base/omscmr.fd
File: omscmr.fd 1999/05/25 v2.5h Standard LaTeX font definitions
)
LaTeX Font Info:    Font shape `OMS/cmr/m/n' in size <10> not available
(Font)              Font shape `OMS/cmsy/m/n' tried instead on input line 146.

Overfull \hbox (0.80606pt too wide) in paragraph at lines 148--149
[]\OT1/cmr/m/n/10 Sweep phase-all cells in the heap that have not been speci-fi
-ally marked
 []


Overfull \hbox (21.43309pt too wide) in paragraph at lines 155--156
[][]
 []


Overfull \hbox (21.43309pt too wide) in paragraph at lines 164--165
[][]
 []

[63]
Overfull \hbox (3.60588pt too wide) in paragraph at lines 195--197
[]\OT1/cmr/m/n/10 Distinguish be-tween 2 state-ments in Ruby that cor-re-spond 
to Java's \OT1/cmr/bx/n/10 switch
 []

[64]) (./hnguyen16.tex [65]
Chapter 11.

Overfull \hbox (21.43309pt too wide) in paragraph at lines 14--15
[][]
 []


Overfull \hbox (21.43309pt too wide) in paragraph at lines 25--26
[][]
 []


Overfull \hbox (21.43309pt too wide) in paragraph at lines 38--39
[][]
 []

[66

]
Overfull \hbox (21.43309pt too wide) in paragraph at lines 52--53
[][]
 []


Overfull \hbox (21.43309pt too wide) in paragraph at lines 60--61
[][]
 []


Overfull \hbox (21.43309pt too wide) in paragraph at lines 68--69
[][]
 []


Overfull \hbox (21.43309pt too wide) in paragraph at lines 79--80
[][]
 []

[67]
Overfull \hbox (21.43309pt too wide) in paragraph at lines 89--90
[][]
 []


Overfull \hbox (21.43309pt too wide) in paragraph at lines 98--99
[][]
 []


Overfull \hbox (21.43309pt too wide) in paragraph at lines 107--108
[][]
 []


Overfull \hbox (21.43309pt too wide) in paragraph at lines 116--117
[][]
 []


Overfull \hbox (21.43309pt too wide) in paragraph at lines 125--126
[][]
 []

[68]
Overfull \hbox (21.43309pt too wide) in paragraph at lines 134--135
[][]
 []


Overfull \hbox (21.43309pt too wide) in paragraph at lines 143--144
[][]
 []


Overfull \hbox (21.43309pt too wide) in paragraph at lines 151--152
[][]
 []


Overfull \hbox (21.43309pt too wide) in paragraph at lines 160--161
[][]
 []

[69]
Overfull \hbox (3.60588pt too wide) in paragraph at lines 191--193
[]\OT1/cmr/m/n/10 Distinguish be-tween 2 state-ments in Ruby that cor-re-spond 
to Java's \OT1/cmr/bx/n/10 switch
 []

[70]) (./srudnick18.tex [71]
Chapter 12.

Overfull \hbox (21.43309pt too wide) in paragraph at lines 14--15
[][]
 []


Overfull \hbox (21.43309pt too wide) in paragraph at lines 31--32
[][]
 []


Overfull \hbox (21.43309pt too wide) in paragraph at lines 48--49
[][]
 []

[72

]
Overfull \hbox (21.43309pt too wide) in paragraph at lines 66--67
[][]
 []


Overfull \hbox (21.43309pt too wide) in paragraph at lines 78--79
[][]
 []


Overfull \hbox (21.43309pt too wide) in paragraph at lines 89--90
[][]
 []


Overfull \hbox (21.43309pt too wide) in paragraph at lines 100--101
[][]
 []

[73]
Overfull \hbox (21.43309pt too wide) in paragraph at lines 115--116
[][]
 []


Overfull \hbox (21.43309pt too wide) in paragraph at lines 126--127
[][]
 []


Overfull \hbox (21.43309pt too wide) in paragraph at lines 144--145
[][]
 []


Overfull \hbox (21.43309pt too wide) in paragraph at lines 153--154
[][]
 []

[74]
Overfull \hbox (21.43309pt too wide) in paragraph at lines 166--167
[][]
 []


Overfull \hbox (21.43309pt too wide) in paragraph at lines 179--180
[][]
 []


Overfull \hbox (21.43309pt too wide) in paragraph at lines 191--192
[][]
 []


Overfull \hbox (21.43309pt too wide) in paragraph at lines 205--206
[][]
 []

[75]
Overfull \hbox (21.43309pt too wide) in paragraph at lines 216--217
[][]
 []


Overfull \hbox (3.60588pt too wide) in paragraph at lines 251--253
[]\OT1/cmr/m/n/10 Distinguish be-tween 2 state-ments in Ruby that cor-re-spond 
to Java's \OT1/cmr/bx/n/10 switch
 []

[76] [77]) (./ksayrs17.tex [78]
Chapter 13.

Overfull \hbox (21.43309pt too wide) in paragraph at lines 14--15
[][]
 []


Overfull \hbox (21.43309pt too wide) in paragraph at lines 25--26
[][]
 []


Overfull \hbox (21.43309pt too wide) in paragraph at lines 39--40
[][]
 []

[79

]
Overfull \hbox (21.43309pt too wide) in paragraph at lines 53--54
[][]
 []


Overfull \hbox (21.43309pt too wide) in paragraph at lines 61--62
[][]
 []


Overfull \hbox (21.43309pt too wide) in paragraph at lines 69--70
[][]
 []


Overfull \hbox (21.43309pt too wide) in paragraph at lines 80--81
[][]
 []


Overfull \hbox (21.43309pt too wide) in paragraph at lines 92--93
[][]
 []

[80]
Overfull \hbox (21.43309pt too wide) in paragraph at lines 101--102
[][]
 []


Overfull \hbox (21.43309pt too wide) in paragraph at lines 110--111
[][]
 []


Overfull \hbox (21.43309pt too wide) in paragraph at lines 119--120
[][]
 []


Overfull \hbox (21.43309pt too wide) in paragraph at lines 128--129
[][]
 []

[81]
Overfull \hbox (21.43309pt too wide) in paragraph at lines 137--138
[][]
 []


Overfull \hbox (21.43309pt too wide) in paragraph at lines 146--147
[][]
 []


Overfull \hbox (21.43309pt too wide) in paragraph at lines 156--157
[][]
 []


Overfull \hbox (21.43309pt too wide) in paragraph at lines 165--166
[][]
 []

[82]
Overfull \hbox (3.60588pt too wide) in paragraph at lines 196--198
[]\OT1/cmr/m/n/10 Distinguish be-tween 2 state-ments in Ruby that cor-re-spond 
to Java's \OT1/cmr/bx/n/10 switch
 []

[83]) (./cseebach18.tex [84]
Chapter 14.

Overfull \hbox (21.43309pt too wide) in paragraph at lines 14--15
[][]
 []


Overfull \hbox (21.43309pt too wide) in paragraph at lines 27--31
[][]
 []


Overfull \hbox (21.43309pt too wide) in paragraph at lines 44--45
[][]
 []

[85

]
Overfull \hbox (21.43309pt too wide) in paragraph at lines 59--60
[][]
 []


Overfull \hbox (21.43309pt too wide) in paragraph at lines 68--69
[][]
 []


Overfull \hbox (21.43309pt too wide) in paragraph at lines 77--78
[][]
 []


Overfull \hbox (21.43309pt too wide) in paragraph at lines 89--90
[][]
 []


Overfull \hbox (21.43309pt too wide) in paragraph at lines 101--102
[][]
 []

[86]
Overfull \hbox (21.43309pt too wide) in paragraph at lines 112--113
[][]
 []


Overfull \hbox (21.43309pt too wide) in paragraph at lines 129--130
[][]
 []


Overfull \hbox (21.43309pt too wide) in paragraph at lines 138--139
[][]
 []


Overfull \hbox (21.43309pt too wide) in paragraph at lines 148--149
[][]
 []

[87]
Overfull \hbox (21.43309pt too wide) in paragraph at lines 159--160
[][]
 []


Overfull \hbox (21.43309pt too wide) in paragraph at lines 172--173
[][]
 []


Overfull \hbox (21.43309pt too wide) in paragraph at lines 186--187
[][]
 []


Overfull \hbox (21.43309pt too wide) in paragraph at lines 196--197
[][]
 []

[88]
Overfull \hbox (3.60588pt too wide) in paragraph at lines 227--229
[]\OT1/cmr/m/n/10 Distinguish be-tween 2 state-ments in Ruby that cor-re-spond 
to Java's \OT1/cmr/bx/n/10 switch
 []

[89]) (./jsterchele17.tex [90]
Chapter 15.

Overfull \hbox (21.43309pt too wide) in paragraph at lines 14--15
[][]
 []


Overfull \hbox (21.43309pt too wide) in paragraph at lines 25--26
[][]
 []


Overfull \hbox (21.43309pt too wide) in paragraph at lines 38--39
[][]
 []


Overfull \hbox (21.43309pt too wide) in paragraph at lines 52--53
[][]
 []

[91

]
Overfull \hbox (21.43309pt too wide) in paragraph at lines 60--61
[][]
 []


Overfull \hbox (21.43309pt too wide) in paragraph at lines 68--69
[][]
 []


Overfull \hbox (21.43309pt too wide) in paragraph at lines 79--80
[][]
 []


Overfull \hbox (21.43309pt too wide) in paragraph at lines 89--90
[][]
 []


Overfull \hbox (21.43309pt too wide) in paragraph at lines 98--99
[][]
 []

[92]
Overfull \hbox (21.43309pt too wide) in paragraph at lines 107--108
[][]
 []


Overfull \hbox (21.43309pt too wide) in paragraph at lines 116--117
[][]
 []


Overfull \hbox (21.43309pt too wide) in paragraph at lines 125--126
[][]
 []


Overfull \hbox (21.43309pt too wide) in paragraph at lines 134--135
[][]
 []


Overfull \hbox (21.43309pt too wide) in paragraph at lines 143--144
[][]
 []


Overfull \hbox (21.43309pt too wide) in paragraph at lines 151--152
[][]
 []

[93]
Overfull \hbox (21.43309pt too wide) in paragraph at lines 160--161
[][]
 []


Overfull \hbox (3.60588pt too wide) in paragraph at lines 191--193
[]\OT1/cmr/m/n/10 Distinguish be-tween 2 state-ments in Ruby that cor-re-spond 
to Java's \OT1/cmr/bx/n/10 switch
 []

[94] [95]) (./hwin16.tex [96]
Chapter 16.

Overfull \hbox (21.43309pt too wide) in paragraph at lines 14--15
[][]
 []


Overfull \hbox (21.43309pt too wide) in paragraph at lines 25--26
[][]
 []


Overfull \hbox (21.43309pt too wide) in paragraph at lines 38--39
[][]
 []

[97

]
Overfull \hbox (21.43309pt too wide) in paragraph at lines 52--53
[][]
 []


Overfull \hbox (21.43309pt too wide) in paragraph at lines 60--61
[][]
 []


Overfull \hbox (21.43309pt too wide) in paragraph at lines 68--69
[][]
 []


Overfull \hbox (21.43309pt too wide) in paragraph at lines 79--80
[][]
 []


Overfull \hbox (21.43309pt too wide) in paragraph at lines 89--90
[][]
 []

[98]
Overfull \hbox (21.43309pt too wide) in paragraph at lines 98--99
[][]
 []


Overfull \hbox (21.43309pt too wide) in paragraph at lines 107--108
[][]
 []


Overfull \hbox (21.43309pt too wide) in paragraph at lines 116--117
[][]
 []


Overfull \hbox (21.43309pt too wide) in paragraph at lines 125--126
[][]
 []

[99]
Overfull \hbox (21.43309pt too wide) in paragraph at lines 134--135
[][]
 []


Overfull \hbox (21.43309pt too wide) in paragraph at lines 143--144
[][]
 []


Overfull \hbox (21.43309pt too wide) in paragraph at lines 151--152
[][]
 []


Overfull \hbox (21.43309pt too wide) in paragraph at lines 160--161
[][]
 []


Overfull \hbox (21.43309pt too wide) in paragraph at lines 176--179
[][]
 []

[100]
Overfull \hbox (21.43309pt too wide) in paragraph at lines 184--187
[][]
 []


Overfull \hbox (21.43309pt too wide) in paragraph at lines 192--195
[][]
 []


Overfull \hbox (21.43309pt too wide) in paragraph at lines 200--203
[][]
 []


Overfull \hbox (3.52838pt too wide) in paragraph at lines 200--203
\OT1/cmr/m/n/10 Requiring com-pound state-ments helps in-crease the read-abil-i
ty and writabil-
 []


Overfull \hbox (21.43309pt too wide) in paragraph at lines 207--210
[][]
 []


Overfull \hbox (3.60588pt too wide) in paragraph at lines 211--213
[]\OT1/cmr/m/n/10 Distinguish be-tween 2 state-ments in Ruby that cor-re-spond 
to Java's \OT1/cmr/bx/n/10 switch
 []


Overfull \hbox (21.43309pt too wide) in paragraph at lines 214--217
[][]
 []

[101]
Overfull \hbox (21.43309pt too wide) in paragraph at lines 228--232
[][]
 []

Missing character: There is no ‚ in font cmr10!
Missing character: There is no Ä in font cmr10!
Missing character: There is no ú in font cmr10!
Missing character: There is no ‚ in font cmr10!
Missing character: There is no Ä in font cmr10!
Missing character: There is no ô in font cmr10!
Missing character: There is no ‚ in font cmr10!
Missing character: There is no Ä in font cmr10!
Missing character: There is no ù in font cmr10!

Overfull \hbox (21.43309pt too wide) in paragraph at lines 237--240
[][]
 []

Missing character: There is no ‚ in font cmr10!
Missing character: There is no Ä in font cmr10!
Missing character: There is no ¶ in font cmr10!

Overfull \hbox (21.43309pt too wide) in paragraph at lines 245--248
[][]
 []

Missing character: There is no ‚ in font cmr10!
Missing character: There is no Ä in font cmr10!
Missing character: There is no ô in font cmr10!

Overfull \hbox (21.43309pt too wide) in paragraph at lines 255--258
[][]
 []

[102]
Overfull \hbox (21.43309pt too wide) in paragraph at lines 261--263
[][]
 []


Overfull \hbox (21.43309pt too wide) in paragraph at lines 272--275
[][]
 []


Overfull \hbox (21.43309pt too wide) in paragraph at lines 278--280
[][]
 []


Overfull \hbox (21.43309pt too wide) in paragraph at lines 284--286
[][]
 []


Overfull \hbox (21.43309pt too wide) in paragraph at lines 291--294
[][]
 []


Overfull \hbox (21.43309pt too wide) in paragraph at lines 299--302
[][]
 []

[103]
Overfull \hbox (21.43309pt too wide) in paragraph at lines 309--312
[][]
 []


Overfull \hbox (21.43309pt too wide) in paragraph at lines 319--322
[][]
 []


Overfull \hbox (21.43309pt too wide) in paragraph at lines 331--333
[][]
 []


Overfull \hbox (21.43309pt too wide) in paragraph at lines 339--341
[][]
 []

[104]
Overfull \hbox (21.43309pt too wide) in paragraph at lines 347--350
[][]
 []


Overfull \hbox (21.43309pt too wide) in paragraph at lines 356--357
[][]
 []


Overfull \hbox (5.30501pt too wide) in paragraph at lines 358--359
[]\OT1/cmr/m/n/10 RISC (re-duced in-struc-tion set com-put-ing) ma-chines have 
pa-ram-e-ters passed
 []


Overfull \hbox (21.43309pt too wide) in paragraph at lines 364--367
[][]
 []


Overfull \hbox (21.43309pt too wide) in paragraph at lines 371--374
[][]
 []

Missing character: There is no ‚ in font cmr10!
Missing character: There is no Ä in font cmr10!
Missing character: There is no ô in font cmr10!

Overfull \hbox (21.43309pt too wide) in paragraph at lines 377--379
[][]
 []

Missing character: There is no ‚ in font cmr10!
Missing character: There is no Ä in font cmr10!
Missing character: There is no ú in font cmr10!
Missing character: There is no ‚ in font cmr10!
Missing character: There is no Ä in font cmr10!
Missing character: There is no ù in font cmr10!
Missing character: There is no ‚ in font cmr10!
Missing character: There is no Ä in font cmr10!
Missing character: There is no ú in font cmr10!
Missing character: There is no ‚ in font cmr10!
Missing character: There is no Ä in font cmr10!
Missing character: There is no ù in font cmr10!

Overfull \hbox (21.43309pt too wide) in paragraph at lines 385--388
[][]
 []

[105]
Overfull \hbox (21.43309pt too wide) in paragraph at lines 392--395
[][]
 []


Overfull \hbox (21.43309pt too wide) in paragraph at lines 398--401
[][]
 []


Overfull \hbox (21.43309pt too wide) in paragraph at lines 404--406
[][]
 []


Overfull \hbox (21.43309pt too wide) in paragraph at lines 412--414
[][]
 []

) [106] (./qa315-09oct2015.aux) ) 
Here is how much of TeX's memory you used:
 1543 strings out of 493304
 21732 string characters out of 6139871
 77235 words of memory out of 5000000
 5004 multiletter control sequences out of 15000+600000
 9314 words of font info for 33 fonts, out of 8000000 for 9000
 957 hyphenation exceptions out of 8191
 26i,6n,32p,1035b,286s stack positions out of 5000i,500n,10000p,200000b,80000s
</usr/share/texlive/texmf-dist/fonts/type1/pub
lic/amsfonts/cm/cmbx10.pfb></usr/share/texlive/texmf-dist/fonts/type1/public/am
sfonts/cm/cmbx12.pfb></usr/share/texlive/texmf-dist/fonts/type1/public/amsfonts
/cm/cmmi10.pfb></usr/share/texlive/texmf-dist/fonts/type1/public/amsfonts/cm/cm
r10.pfb></usr/share/texlive/texmf-dist/fonts/type1/public/amsfonts/cm/cmr12.pfb
></usr/share/texlive/texmf-dist/fonts/type1/public/amsfonts/cm/cmr17.pfb></usr/
share/texlive/texmf-dist/fonts/type1/public/amsfonts/cm/cmr7.pfb></usr/share/te
xlive/texmf-dist/fonts/type1/public/amsfonts/cm/cmsy10.pfb></usr/share/texlive/
texmf-dist/fonts/type1/public/amsfonts/cm/cmti10.pfb></usr/share/texlive/texmf-
dist/fonts/type1/public/amsfonts/cm/cmtt10.pfb>
Output written on qa315-09oct2015.pdf (106 pages, 285743 bytes).
PDF statistics:
 386 PDF objects out of 1000 (max. 8388607)
 265 compressed objects within 3 object streams
 0 named destinations out of 1000 (max. 500000)
 1 words of extra memory for PDF output out of 10000 (max. 10000000)

